This file contains any messages produced by compilers while
running configure, to aid debugging if configure makes a mistake.

It was created by configure, which was
generated by GNU Autoconf 2.69.  Invocation command line was

  $ ./configure 

## --------- ##
## Platform. ##
## --------- ##

hostname = ipsectest-1
uname -m = x86_64
uname -r = 4.19.0-17-amd64
uname -s = Linux
uname -v = #1 SMP Debian 4.19.194-1 (2021-06-10)

/usr/bin/uname -p = unknown
/bin/uname -X     = unknown

/bin/arch              = x86_64
/usr/bin/arch -k       = unknown
/usr/convex/getsysinfo = unknown
/usr/bin/hostinfo      = unknown
/bin/machine           = unknown
/usr/bin/oslevel       = unknown
/bin/universe          = unknown

PATH: /usr/local/bin
PATH: /usr/bin
PATH: /bin
PATH: /usr/local/games
PATH: /usr/games


## ----------- ##
## Core tests. ##
## ----------- ##

configure:2401: checking for gcc
configure:2417: found /usr/bin/gcc
configure:2428: result: gcc
configure:2657: checking for C compiler version
configure:2666: gcc --version >&5
gcc (Debian 8.3.0-6) 8.3.0
Copyright (C) 2018 Free Software Foundation, Inc.
This is free software; see the source for copying conditions.  There is NO
warranty; not even for MERCHANTABILITY or FITNESS FOR A PARTICULAR PURPOSE.

configure:2677: $? = 0
configure:2666: gcc -v >&5
Using built-in specs.
COLLECT_GCC=gcc
COLLECT_LTO_WRAPPER=/usr/lib/gcc/x86_64-linux-gnu/8/lto-wrapper
OFFLOAD_TARGET_NAMES=nvptx-none
OFFLOAD_TARGET_DEFAULT=1
Target: x86_64-linux-gnu
Configured with: ../src/configure -v --with-pkgversion='Debian 8.3.0-6' --with-bugurl=file:///usr/share/doc/gcc-8/README.Bugs --enable-languages=c,ada,c++,go,brig,d,fortran,objc,obj-c++ --prefix=/usr --with-gcc-major-version-only --program-suffix=-8 --program-prefix=x86_64-linux-gnu- --enable-shared --enable-linker-build-id --libexecdir=/usr/lib --without-included-gettext --enable-threads=posix --libdir=/usr/lib --enable-nls --enable-bootstrap --enable-clocale=gnu --enable-libstdcxx-debug --enable-libstdcxx-time=yes --with-default-libstdcxx-abi=new --enable-gnu-unique-object --disable-vtable-verify --enable-libmpx --enable-plugin --enable-default-pie --with-system-zlib --with-target-system-zlib --enable-objc-gc=auto --enable-multiarch --disable-werror --with-arch-32=i686 --with-abi=m64 --with-multilib-list=m32,m64,mx32 --enable-multilib --with-tune=generic --enable-offload-targets=nvptx-none --without-cuda-driver --enable-checking=release --build=x86_64-linux-gnu --host=x86_64-linux-gnu --target=x86_64-linux-gnu
Thread model: posix
gcc version 8.3.0 (Debian 8.3.0-6) 
configure:2677: $? = 0
configure:2666: gcc -V >&5
gcc: error: unrecognized command line option '-V'
gcc: fatal error: no input files
compilation terminated.
configure:2677: $? = 1
configure:2666: gcc -qversion >&5
gcc: error: unrecognized command line option '-qversion'; did you mean '--version'?
gcc: fatal error: no input files
compilation terminated.
configure:2677: $? = 1
configure:2697: checking whether the C compiler works
configure:2719: gcc    conftest.c  >&5
configure:2723: $? = 0
configure:2771: result: yes
configure:2774: checking for C compiler default output file name
configure:2776: result: a.out
configure:2782: checking for suffix of executables
configure:2789: gcc -o conftest    conftest.c  >&5
configure:2793: $? = 0
configure:2815: result: 
configure:2837: checking whether we are cross compiling
configure:2845: gcc -o conftest    conftest.c  >&5
configure:2849: $? = 0
configure:2856: ./conftest
configure:2860: $? = 0
configure:2848: result: no
configure:2853: checking for suffix of object files
configure:2875: gcc -c   conftest.c >&5
configure:2879: $? = 0
configure:2900: result: o
configure:2904: checking whether we are using the GNU C compiler
configure:2923: gcc -c   conftest.c >&5
configure:2923: $? = 0
configure:2932: result: yes
configure:2941: checking whether gcc accepts -g
configure:2961: gcc -c -g  conftest.c >&5
configure:2961: $? = 0
configure:3002: result: yes
configure:3019: checking for gcc option to accept ISO C89
configure:3082: gcc  -c -g -O2  conftest.c >&5
configure:3082: $? = 0
configure:3095: result: none needed
configure:3158: checking for ranlib
configure:3174: found /usr/bin/ranlib
configure:3185: result: ranlib
configure:3215: checking how to run the C preprocessor
configure:3246: gcc -E  conftest.c
configure:3246: $? = 0
configure:3260: gcc -E  conftest.c
conftest.c:9:10: fatal error: ac_nonexistent.h: No such file or directory
 #include <ac_nonexistent.h>
          ^~~~~~~~~~~~~~~~~~
compilation terminated.
configure:3260: $? = 1
configure: failed program was:
| /* confdefs.h */
| #define PACKAGE_NAME ""
| #define PACKAGE_TARNAME ""
| #define PACKAGE_VERSION ""
| #define PACKAGE_STRING ""
| #define PACKAGE_BUGREPORT ""
| #define PACKAGE_URL ""
| /* end confdefs.h.  */
| #include <ac_nonexistent.h>
configure:3285: result: gcc -E
configure:3305: gcc -E  conftest.c
configure:3305: $? = 0
configure:3319: gcc -E  conftest.c
conftest.c:9:10: fatal error: ac_nonexistent.h: No such file or directory
 #include <ac_nonexistent.h>
          ^~~~~~~~~~~~~~~~~~
compilation terminated.
configure:3319: $? = 1
configure: failed program was:
| /* confdefs.h */
| #define PACKAGE_NAME ""
| #define PACKAGE_TARNAME ""
| #define PACKAGE_VERSION ""
| #define PACKAGE_STRING ""
| #define PACKAGE_BUGREPORT ""
| #define PACKAGE_URL ""
| /* end confdefs.h.  */
| #include <ac_nonexistent.h>
configure:3348: checking for grep that handles long lines and -e
configure:3406: result: /usr/bin/grep
configure:3411: checking for egrep
configure:3473: result: /usr/bin/grep -E
configure:3478: checking for ANSI C header files
configure:3498: gcc -c -g -O2  conftest.c >&5
configure:3498: $? = 0
configure:3571: gcc -o conftest -g -O2   conftest.c  >&5
configure:3571: $? = 0
configure:3571: ./conftest
configure:3571: $? = 0
configure:3582: result: yes
configure:3590: checking for sys/wait.h that is POSIX.1 compatible
configure:3616: gcc -c -g -O2  conftest.c >&5
configure:3616: $? = 0
configure:3623: result: yes
configure:3636: checking for sys/types.h
configure:3636: gcc -c -g -O2  conftest.c >&5
configure:3636: $? = 0
configure:3636: result: yes
configure:3636: checking for sys/stat.h
configure:3636: gcc -c -g -O2  conftest.c >&5
configure:3636: $? = 0
configure:3636: result: yes
configure:3636: checking for stdlib.h
configure:3636: gcc -c -g -O2  conftest.c >&5
configure:3636: $? = 0
configure:3636: result: yes
configure:3636: checking for string.h
configure:3636: gcc -c -g -O2  conftest.c >&5
configure:3636: $? = 0
configure:3636: result: yes
configure:3636: checking for memory.h
configure:3636: gcc -c -g -O2  conftest.c >&5
configure:3636: $? = 0
configure:3636: result: yes
configure:3636: checking for strings.h
configure:3636: gcc -c -g -O2  conftest.c >&5
configure:3636: $? = 0
configure:3636: result: yes
configure:3636: checking for inttypes.h
configure:3636: gcc -c -g -O2  conftest.c >&5
configure:3636: $? = 0
configure:3636: result: yes
configure:3636: checking for stdint.h
configure:3636: gcc -c -g -O2  conftest.c >&5
configure:3636: $? = 0
configure:3636: result: yes
configure:3636: checking for unistd.h
configure:3636: gcc -c -g -O2  conftest.c >&5
configure:3636: $? = 0
configure:3636: result: yes
configure:3651: checking fcntl.h usability
configure:3651: gcc -c -g -O2  conftest.c >&5
configure:3651: $? = 0
configure:3651: result: yes
configure:3651: checking fcntl.h presence
configure:3651: gcc -E  conftest.c
configure:3651: $? = 0
configure:3651: result: yes
configure:3651: checking for fcntl.h
configure:3651: result: yes
configure:3651: checking sys/dlpi.h usability
configure:3651: gcc -c -g -O2  conftest.c >&5
conftest.c:54:10: fatal error: sys/dlpi.h: No such file or directory
 #include <sys/dlpi.h>
          ^~~~~~~~~~~~
compilation terminated.
configure:3651: $? = 1
configure: failed program was:
| /* confdefs.h */
| #define PACKAGE_NAME ""
| #define PACKAGE_TARNAME ""
| #define PACKAGE_VERSION ""
| #define PACKAGE_STRING ""
| #define PACKAGE_BUGREPORT ""
| #define PACKAGE_URL ""
| #define STDC_HEADERS 1
| #define HAVE_SYS_WAIT_H 1
| #define HAVE_SYS_TYPES_H 1
| #define HAVE_SYS_STAT_H 1
| #define HAVE_STDLIB_H 1
| #define HAVE_STRING_H 1
| #define HAVE_MEMORY_H 1
| #define HAVE_STRINGS_H 1
| #define HAVE_INTTYPES_H 1
| #define HAVE_STDINT_H 1
| #define HAVE_UNISTD_H 1
| #define HAVE_FCNTL_H 1
| /* end confdefs.h.  */
| #include <stdio.h>
| #ifdef HAVE_SYS_TYPES_H
| # include <sys/types.h>
| #endif
| #ifdef HAVE_SYS_STAT_H
| # include <sys/stat.h>
| #endif
| #ifdef STDC_HEADERS
| # include <stdlib.h>
| # include <stddef.h>
| #else
| # ifdef HAVE_STDLIB_H
| #  include <stdlib.h>
| # endif
| #endif
| #ifdef HAVE_STRING_H
| # if !defined STDC_HEADERS && defined HAVE_MEMORY_H
| #  include <memory.h>
| # endif
| # include <string.h>
| #endif
| #ifdef HAVE_STRINGS_H
| # include <strings.h>
| #endif
| #ifdef HAVE_INTTYPES_H
| # include <inttypes.h>
| #endif
| #ifdef HAVE_STDINT_H
| # include <stdint.h>
| #endif
| #ifdef HAVE_UNISTD_H
| # include <unistd.h>
| #endif
| #include <sys/dlpi.h>
configure:3651: result: no
configure:3651: checking sys/dlpi.h presence
configure:3651: gcc -E  conftest.c
conftest.c:21:10: fatal error: sys/dlpi.h: No such file or directory
 #include <sys/dlpi.h>
          ^~~~~~~~~~~~
compilation terminated.
configure:3651: $? = 1
configure: failed program was:
| /* confdefs.h */
| #define PACKAGE_NAME ""
| #define PACKAGE_TARNAME ""
| #define PACKAGE_VERSION ""
| #define PACKAGE_STRING ""
| #define PACKAGE_BUGREPORT ""
| #define PACKAGE_URL ""
| #define STDC_HEADERS 1
| #define HAVE_SYS_WAIT_H 1
| #define HAVE_SYS_TYPES_H 1
| #define HAVE_SYS_STAT_H 1
| #define HAVE_STDLIB_H 1
| #define HAVE_STRING_H 1
| #define HAVE_MEMORY_H 1
| #define HAVE_STRINGS_H 1
| #define HAVE_INTTYPES_H 1
| #define HAVE_STDINT_H 1
| #define HAVE_UNISTD_H 1
| #define HAVE_FCNTL_H 1
| /* end confdefs.h.  */
| #include <sys/dlpi.h>
configure:3651: result: no
configure:3651: checking for sys/dlpi.h
configure:3651: result: no
configure:3651: checking sys/ioctl.h usability
configure:3651: gcc -c -g -O2  conftest.c >&5
configure:3651: $? = 0
configure:3651: result: yes
configure:3651: checking sys/ioctl.h presence
configure:3651: gcc -E  conftest.c
configure:3651: $? = 0
configure:3651: result: yes
configure:3651: checking for sys/ioctl.h
configure:3651: result: yes
configure:3651: checking sys/time.h usability
configure:3651: gcc -c -g -O2  conftest.c >&5
configure:3651: $? = 0
configure:3651: result: yes
configure:3651: checking sys/time.h presence
configure:3651: gcc -E  conftest.c
configure:3651: $? = 0
configure:3651: result: yes
configure:3651: checking for sys/time.h
configure:3651: result: yes
configure:3651: checking syslog.h usability
configure:3651: gcc -c -g -O2  conftest.c >&5
configure:3651: $? = 0
configure:3651: result: yes
configure:3651: checking syslog.h presence
configure:3651: gcc -E  conftest.c
configure:3651: $? = 0
configure:3651: result: yes
configure:3651: checking for syslog.h
configure:3651: result: yes
configure:3651: checking for unistd.h
configure:3651: result: yes
configure:3651: checking net/if_arp.h usability
configure:3651: gcc -c -g -O2  conftest.c >&5
configure:3651: $? = 0
configure:3651: result: yes
configure:3651: checking net/if_arp.h presence
configure:3651: gcc -E  conftest.c
configure:3651: $? = 0
configure:3651: result: yes
configure:3651: checking for net/if_arp.h
configure:3651: result: yes
configure:3651: checking netinet/if_ether.h usability
configure:3651: gcc -c -g -O2  conftest.c >&5
configure:3651: $? = 0
configure:3651: result: yes
configure:3651: checking netinet/if_ether.h presence
configure:3651: gcc -E  conftest.c
configure:3651: $? = 0
configure:3651: result: yes
configure:3651: checking for netinet/if_ether.h
configure:3651: result: yes
configure:3651: checking getopt.h usability
configure:3651: gcc -c -g -O2  conftest.c >&5
configure:3651: $? = 0
configure:3651: result: yes
configure:3651: checking getopt.h presence
configure:3651: gcc -E  conftest.c
configure:3651: $? = 0
configure:3651: result: yes
configure:3651: checking for getopt.h
configure:3651: result: yes
configure:3651: checking sys/uio.h usability
configure:3651: gcc -c -g -O2  conftest.c >&5
configure:3651: $? = 0
configure:3651: result: yes
configure:3651: checking sys/uio.h presence
configure:3651: gcc -E  conftest.c
configure:3651: $? = 0
configure:3651: result: yes
configure:3651: checking for sys/uio.h
configure:3651: result: yes
configure:3651: checking sys/param.h usability
configure:3651: gcc -c -g -O2  conftest.c >&5
configure:3651: $? = 0
configure:3651: result: yes
configure:3651: checking sys/param.h presence
configure:3651: gcc -E  conftest.c
configure:3651: $? = 0
configure:3651: result: yes
configure:3651: checking for sys/param.h
configure:3651: result: yes
configure:3651: checking for fcntl.h
configure:3651: result: yes
configure:3651: checking net/bpf.h usability
configure:3651: gcc -c -g -O2  conftest.c >&5
conftest.c:64:10: fatal error: net/bpf.h: No such file or directory
 #include <net/bpf.h>
          ^~~~~~~~~~~
compilation terminated.
configure:3651: $? = 1
configure: failed program was:
| /* confdefs.h */
| #define PACKAGE_NAME ""
| #define PACKAGE_TARNAME ""
| #define PACKAGE_VERSION ""
| #define PACKAGE_STRING ""
| #define PACKAGE_BUGREPORT ""
| #define PACKAGE_URL ""
| #define STDC_HEADERS 1
| #define HAVE_SYS_WAIT_H 1
| #define HAVE_SYS_TYPES_H 1
| #define HAVE_SYS_STAT_H 1
| #define HAVE_STDLIB_H 1
| #define HAVE_STRING_H 1
| #define HAVE_MEMORY_H 1
| #define HAVE_STRINGS_H 1
| #define HAVE_INTTYPES_H 1
| #define HAVE_STDINT_H 1
| #define HAVE_UNISTD_H 1
| #define HAVE_FCNTL_H 1
| #define HAVE_SYS_IOCTL_H 1
| #define HAVE_SYS_TIME_H 1
| #define HAVE_SYSLOG_H 1
| #define HAVE_UNISTD_H 1
| #define HAVE_NET_IF_ARP_H 1
| #define HAVE_NETINET_IF_ETHER_H 1
| #define HAVE_GETOPT_H 1
| #define HAVE_SYS_UIO_H 1
| #define HAVE_SYS_PARAM_H 1
| #define HAVE_FCNTL_H 1
| /* end confdefs.h.  */
| #include <stdio.h>
| #ifdef HAVE_SYS_TYPES_H
| # include <sys/types.h>
| #endif
| #ifdef HAVE_SYS_STAT_H
| # include <sys/stat.h>
| #endif
| #ifdef STDC_HEADERS
| # include <stdlib.h>
| # include <stddef.h>
| #else
| # ifdef HAVE_STDLIB_H
| #  include <stdlib.h>
| # endif
| #endif
| #ifdef HAVE_STRING_H
| # if !defined STDC_HEADERS && defined HAVE_MEMORY_H
| #  include <memory.h>
| # endif
| # include <string.h>
| #endif
| #ifdef HAVE_STRINGS_H
| # include <strings.h>
| #endif
| #ifdef HAVE_INTTYPES_H
| # include <inttypes.h>
| #endif
| #ifdef HAVE_STDINT_H
| # include <stdint.h>
| #endif
| #ifdef HAVE_UNISTD_H
| # include <unistd.h>
| #endif
| #include <net/bpf.h>
configure:3651: result: no
configure:3651: checking net/bpf.h presence
configure:3651: gcc -E  conftest.c
conftest.c:31:10: fatal error: net/bpf.h: No such file or directory
 #include <net/bpf.h>
          ^~~~~~~~~~~
compilation terminated.
configure:3651: $? = 1
configure: failed program was:
| /* confdefs.h */
| #define PACKAGE_NAME ""
| #define PACKAGE_TARNAME ""
| #define PACKAGE_VERSION ""
| #define PACKAGE_STRING ""
| #define PACKAGE_BUGREPORT ""
| #define PACKAGE_URL ""
| #define STDC_HEADERS 1
| #define HAVE_SYS_WAIT_H 1
| #define HAVE_SYS_TYPES_H 1
| #define HAVE_SYS_STAT_H 1
| #define HAVE_STDLIB_H 1
| #define HAVE_STRING_H 1
| #define HAVE_MEMORY_H 1
| #define HAVE_STRINGS_H 1
| #define HAVE_INTTYPES_H 1
| #define HAVE_STDINT_H 1
| #define HAVE_UNISTD_H 1
| #define HAVE_FCNTL_H 1
| #define HAVE_SYS_IOCTL_H 1
| #define HAVE_SYS_TIME_H 1
| #define HAVE_SYSLOG_H 1
| #define HAVE_UNISTD_H 1
| #define HAVE_NET_IF_ARP_H 1
| #define HAVE_NETINET_IF_ETHER_H 1
| #define HAVE_GETOPT_H 1
| #define HAVE_SYS_UIO_H 1
| #define HAVE_SYS_PARAM_H 1
| #define HAVE_FCNTL_H 1
| /* end confdefs.h.  */
| #include <net/bpf.h>
configure:3651: result: no
configure:3651: checking for net/bpf.h
configure:3651: result: no
configure:3651: checking netpacket/packet.h usability
configure:3651: gcc -c -g -O2  conftest.c >&5
configure:3651: $? = 0
configure:3651: result: yes
configure:3651: checking netpacket/packet.h presence
configure:3651: gcc -E  conftest.c
configure:3651: $? = 0
configure:3651: result: yes
configure:3651: checking for netpacket/packet.h
configure:3651: result: yes
configure:3651: checking net/ethernet.h usability
configure:3651: gcc -c -g -O2  conftest.c >&5
configure:3651: $? = 0
configure:3651: result: yes
configure:3651: checking net/ethernet.h presence
configure:3651: gcc -E  conftest.c
configure:3651: $? = 0
configure:3651: result: yes
configure:3651: checking for net/ethernet.h
configure:3651: result: yes
configure:3651: checking asm/types.h usability
configure:3651: gcc -c -g -O2  conftest.c >&5
configure:3651: $? = 0
configure:3651: result: yes
configure:3651: checking asm/types.h presence
configure:3651: gcc -E  conftest.c
configure:3651: $? = 0
configure:3651: result: yes
configure:3651: checking for asm/types.h
configure:3651: result: yes
configure:3651: checking linux/if_packet.h usability
configure:3651: gcc -c -g -O2  conftest.c >&5
configure:3651: $? = 0
configure:3651: result: yes
configure:3651: checking linux/if_packet.h presence
configure:3651: gcc -E  conftest.c
configure:3651: $? = 0
configure:3651: result: yes
configure:3651: checking for linux/if_packet.h
configure:3651: result: yes
configure:3651: checking linux/if_ether.h usability
configure:3651: gcc -c -g -O2  conftest.c >&5
configure:3651: $? = 0
configure:3651: result: yes
configure:3651: checking linux/if_ether.h presence
configure:3651: gcc -E  conftest.c
configure:3651: $? = 0
configure:3651: result: yes
configure:3651: checking for linux/if_ether.h
configure:3651: result: yes
configure:3651: checking sys/socket.h usability
configure:3651: gcc -c -g -O2  conftest.c >&5
configure:3651: $? = 0
configure:3651: result: yes
configure:3651: checking sys/socket.h presence
configure:3651: gcc -E  conftest.c
configure:3651: $? = 0
configure:3651: result: yes
configure:3651: checking for sys/socket.h
configure:3651: result: yes
configure:3651: checking sys/cdefs.h usability
configure:3651: gcc -c -g -O2  conftest.c >&5
configure:3651: $? = 0
configure:3651: result: yes
configure:3651: checking sys/cdefs.h presence
configure:3651: gcc -E  conftest.c
configure:3651: $? = 0
configure:3651: result: yes
configure:3651: checking for sys/cdefs.h
configure:3651: result: yes
configure:3651: checking net/if.h usability
configure:3651: gcc -c -g -O2  conftest.c >&5
configure:3651: $? = 0
configure:3651: result: yes
configure:3651: checking net/if.h presence
configure:3651: gcc -E  conftest.c
configure:3651: $? = 0
configure:3651: result: yes
configure:3651: checking for net/if.h
configure:3651: result: yes
configure:3651: checking net/if_dl.h usability
configure:3651: gcc -c -g -O2  conftest.c >&5
conftest.c:72:10: fatal error: net/if_dl.h: No such file or directory
 #include <net/if_dl.h>
          ^~~~~~~~~~~~~
compilation terminated.
configure:3651: $? = 1
configure: failed program was:
| /* confdefs.h */
| #define PACKAGE_NAME ""
| #define PACKAGE_TARNAME ""
| #define PACKAGE_VERSION ""
| #define PACKAGE_STRING ""
| #define PACKAGE_BUGREPORT ""
| #define PACKAGE_URL ""
| #define STDC_HEADERS 1
| #define HAVE_SYS_WAIT_H 1
| #define HAVE_SYS_TYPES_H 1
| #define HAVE_SYS_STAT_H 1
| #define HAVE_STDLIB_H 1
| #define HAVE_STRING_H 1
| #define HAVE_MEMORY_H 1
| #define HAVE_STRINGS_H 1
| #define HAVE_INTTYPES_H 1
| #define HAVE_STDINT_H 1
| #define HAVE_UNISTD_H 1
| #define HAVE_FCNTL_H 1
| #define HAVE_SYS_IOCTL_H 1
| #define HAVE_SYS_TIME_H 1
| #define HAVE_SYSLOG_H 1
| #define HAVE_UNISTD_H 1
| #define HAVE_NET_IF_ARP_H 1
| #define HAVE_NETINET_IF_ETHER_H 1
| #define HAVE_GETOPT_H 1
| #define HAVE_SYS_UIO_H 1
| #define HAVE_SYS_PARAM_H 1
| #define HAVE_FCNTL_H 1
| #define HAVE_NETPACKET_PACKET_H 1
| #define HAVE_NET_ETHERNET_H 1
| #define HAVE_ASM_TYPES_H 1
| #define HAVE_LINUX_IF_PACKET_H 1
| #define HAVE_LINUX_IF_ETHER_H 1
| #define HAVE_SYS_SOCKET_H 1
| #define HAVE_SYS_CDEFS_H 1
| #define HAVE_NET_IF_H 1
| /* end confdefs.h.  */
| #include <stdio.h>
| #ifdef HAVE_SYS_TYPES_H
| # include <sys/types.h>
| #endif
| #ifdef HAVE_SYS_STAT_H
| # include <sys/stat.h>
| #endif
| #ifdef STDC_HEADERS
| # include <stdlib.h>
| # include <stddef.h>
| #else
| # ifdef HAVE_STDLIB_H
| #  include <stdlib.h>
| # endif
| #endif
| #ifdef HAVE_STRING_H
| # if !defined STDC_HEADERS && defined HAVE_MEMORY_H
| #  include <memory.h>
| # endif
| # include <string.h>
| #endif
| #ifdef HAVE_STRINGS_H
| # include <strings.h>
| #endif
| #ifdef HAVE_INTTYPES_H
| # include <inttypes.h>
| #endif
| #ifdef HAVE_STDINT_H
| # include <stdint.h>
| #endif
| #ifdef HAVE_UNISTD_H
| # include <unistd.h>
| #endif
| #include <net/if_dl.h>
configure:3651: result: no
configure:3651: checking net/if_dl.h presence
configure:3651: gcc -E  conftest.c
conftest.c:39:10: fatal error: net/if_dl.h: No such file or directory
 #include <net/if_dl.h>
          ^~~~~~~~~~~~~
compilation terminated.
configure:3651: $? = 1
configure: failed program was:
| /* confdefs.h */
| #define PACKAGE_NAME ""
| #define PACKAGE_TARNAME ""
| #define PACKAGE_VERSION ""
| #define PACKAGE_STRING ""
| #define PACKAGE_BUGREPORT ""
| #define PACKAGE_URL ""
| #define STDC_HEADERS 1
| #define HAVE_SYS_WAIT_H 1
| #define HAVE_SYS_TYPES_H 1
| #define HAVE_SYS_STAT_H 1
| #define HAVE_STDLIB_H 1
| #define HAVE_STRING_H 1
| #define HAVE_MEMORY_H 1
| #define HAVE_STRINGS_H 1
| #define HAVE_INTTYPES_H 1
| #define HAVE_STDINT_H 1
| #define HAVE_UNISTD_H 1
| #define HAVE_FCNTL_H 1
| #define HAVE_SYS_IOCTL_H 1
| #define HAVE_SYS_TIME_H 1
| #define HAVE_SYSLOG_H 1
| #define HAVE_UNISTD_H 1
| #define HAVE_NET_IF_ARP_H 1
| #define HAVE_NETINET_IF_ETHER_H 1
| #define HAVE_GETOPT_H 1
| #define HAVE_SYS_UIO_H 1
| #define HAVE_SYS_PARAM_H 1
| #define HAVE_FCNTL_H 1
| #define HAVE_NETPACKET_PACKET_H 1
| #define HAVE_NET_ETHERNET_H 1
| #define HAVE_ASM_TYPES_H 1
| #define HAVE_LINUX_IF_PACKET_H 1
| #define HAVE_LINUX_IF_ETHER_H 1
| #define HAVE_SYS_SOCKET_H 1
| #define HAVE_SYS_CDEFS_H 1
| #define HAVE_NET_IF_H 1
| /* end confdefs.h.  */
| #include <net/if_dl.h>
configure:3651: result: no
configure:3651: checking for net/if_dl.h
configure:3651: result: no
configure:3651: checking net/if_ether.h usability
configure:3651: gcc -c -g -O2  conftest.c >&5
conftest.c:72:10: fatal error: net/if_ether.h: No such file or directory
 #include <net/if_ether.h>
          ^~~~~~~~~~~~~~~~
compilation terminated.
configure:3651: $? = 1
configure: failed program was:
| /* confdefs.h */
| #define PACKAGE_NAME ""
| #define PACKAGE_TARNAME ""
| #define PACKAGE_VERSION ""
| #define PACKAGE_STRING ""
| #define PACKAGE_BUGREPORT ""
| #define PACKAGE_URL ""
| #define STDC_HEADERS 1
| #define HAVE_SYS_WAIT_H 1
| #define HAVE_SYS_TYPES_H 1
| #define HAVE_SYS_STAT_H 1
| #define HAVE_STDLIB_H 1
| #define HAVE_STRING_H 1
| #define HAVE_MEMORY_H 1
| #define HAVE_STRINGS_H 1
| #define HAVE_INTTYPES_H 1
| #define HAVE_STDINT_H 1
| #define HAVE_UNISTD_H 1
| #define HAVE_FCNTL_H 1
| #define HAVE_SYS_IOCTL_H 1
| #define HAVE_SYS_TIME_H 1
| #define HAVE_SYSLOG_H 1
| #define HAVE_UNISTD_H 1
| #define HAVE_NET_IF_ARP_H 1
| #define HAVE_NETINET_IF_ETHER_H 1
| #define HAVE_GETOPT_H 1
| #define HAVE_SYS_UIO_H 1
| #define HAVE_SYS_PARAM_H 1
| #define HAVE_FCNTL_H 1
| #define HAVE_NETPACKET_PACKET_H 1
| #define HAVE_NET_ETHERNET_H 1
| #define HAVE_ASM_TYPES_H 1
| #define HAVE_LINUX_IF_PACKET_H 1
| #define HAVE_LINUX_IF_ETHER_H 1
| #define HAVE_SYS_SOCKET_H 1
| #define HAVE_SYS_CDEFS_H 1
| #define HAVE_NET_IF_H 1
| /* end confdefs.h.  */
| #include <stdio.h>
| #ifdef HAVE_SYS_TYPES_H
| # include <sys/types.h>
| #endif
| #ifdef HAVE_SYS_STAT_H
| # include <sys/stat.h>
| #endif
| #ifdef STDC_HEADERS
| # include <stdlib.h>
| # include <stddef.h>
| #else
| # ifdef HAVE_STDLIB_H
| #  include <stdlib.h>
| # endif
| #endif
| #ifdef HAVE_STRING_H
| # if !defined STDC_HEADERS && defined HAVE_MEMORY_H
| #  include <memory.h>
| # endif
| # include <string.h>
| #endif
| #ifdef HAVE_STRINGS_H
| # include <strings.h>
| #endif
| #ifdef HAVE_INTTYPES_H
| # include <inttypes.h>
| #endif
| #ifdef HAVE_STDINT_H
| # include <stdint.h>
| #endif
| #ifdef HAVE_UNISTD_H
| # include <unistd.h>
| #endif
| #include <net/if_ether.h>
configure:3651: result: no
configure:3651: checking net/if_ether.h presence
configure:3651: gcc -E  conftest.c
conftest.c:39:10: fatal error: net/if_ether.h: No such file or directory
 #include <net/if_ether.h>
          ^~~~~~~~~~~~~~~~
compilation terminated.
configure:3651: $? = 1
configure: failed program was:
| /* confdefs.h */
| #define PACKAGE_NAME ""
| #define PACKAGE_TARNAME ""
| #define PACKAGE_VERSION ""
| #define PACKAGE_STRING ""
| #define PACKAGE_BUGREPORT ""
| #define PACKAGE_URL ""
| #define STDC_HEADERS 1
| #define HAVE_SYS_WAIT_H 1
| #define HAVE_SYS_TYPES_H 1
| #define HAVE_SYS_STAT_H 1
| #define HAVE_STDLIB_H 1
| #define HAVE_STRING_H 1
| #define HAVE_MEMORY_H 1
| #define HAVE_STRINGS_H 1
| #define HAVE_INTTYPES_H 1
| #define HAVE_STDINT_H 1
| #define HAVE_UNISTD_H 1
| #define HAVE_FCNTL_H 1
| #define HAVE_SYS_IOCTL_H 1
| #define HAVE_SYS_TIME_H 1
| #define HAVE_SYSLOG_H 1
| #define HAVE_UNISTD_H 1
| #define HAVE_NET_IF_ARP_H 1
| #define HAVE_NETINET_IF_ETHER_H 1
| #define HAVE_GETOPT_H 1
| #define HAVE_SYS_UIO_H 1
| #define HAVE_SYS_PARAM_H 1
| #define HAVE_FCNTL_H 1
| #define HAVE_NETPACKET_PACKET_H 1
| #define HAVE_NET_ETHERNET_H 1
| #define HAVE_ASM_TYPES_H 1
| #define HAVE_LINUX_IF_PACKET_H 1
| #define HAVE_LINUX_IF_ETHER_H 1
| #define HAVE_SYS_SOCKET_H 1
| #define HAVE_SYS_CDEFS_H 1
| #define HAVE_NET_IF_H 1
| /* end confdefs.h.  */
| #include <net/if_ether.h>
configure:3651: result: no
configure:3651: checking for net/if_ether.h
configure:3651: result: no
configure:3651: checking net/if_types.h usability
configure:3651: gcc -c -g -O2  conftest.c >&5
conftest.c:72:10: fatal error: net/if_types.h: No such file or directory
 #include <net/if_types.h>
          ^~~~~~~~~~~~~~~~
compilation terminated.
configure:3651: $? = 1
configure: failed program was:
| /* confdefs.h */
| #define PACKAGE_NAME ""
| #define PACKAGE_TARNAME ""
| #define PACKAGE_VERSION ""
| #define PACKAGE_STRING ""
| #define PACKAGE_BUGREPORT ""
| #define PACKAGE_URL ""
| #define STDC_HEADERS 1
| #define HAVE_SYS_WAIT_H 1
| #define HAVE_SYS_TYPES_H 1
| #define HAVE_SYS_STAT_H 1
| #define HAVE_STDLIB_H 1
| #define HAVE_STRING_H 1
| #define HAVE_MEMORY_H 1
| #define HAVE_STRINGS_H 1
| #define HAVE_INTTYPES_H 1
| #define HAVE_STDINT_H 1
| #define HAVE_UNISTD_H 1
| #define HAVE_FCNTL_H 1
| #define HAVE_SYS_IOCTL_H 1
| #define HAVE_SYS_TIME_H 1
| #define HAVE_SYSLOG_H 1
| #define HAVE_UNISTD_H 1
| #define HAVE_NET_IF_ARP_H 1
| #define HAVE_NETINET_IF_ETHER_H 1
| #define HAVE_GETOPT_H 1
| #define HAVE_SYS_UIO_H 1
| #define HAVE_SYS_PARAM_H 1
| #define HAVE_FCNTL_H 1
| #define HAVE_NETPACKET_PACKET_H 1
| #define HAVE_NET_ETHERNET_H 1
| #define HAVE_ASM_TYPES_H 1
| #define HAVE_LINUX_IF_PACKET_H 1
| #define HAVE_LINUX_IF_ETHER_H 1
| #define HAVE_SYS_SOCKET_H 1
| #define HAVE_SYS_CDEFS_H 1
| #define HAVE_NET_IF_H 1
| /* end confdefs.h.  */
| #include <stdio.h>
| #ifdef HAVE_SYS_TYPES_H
| # include <sys/types.h>
| #endif
| #ifdef HAVE_SYS_STAT_H
| # include <sys/stat.h>
| #endif
| #ifdef STDC_HEADERS
| # include <stdlib.h>
| # include <stddef.h>
| #else
| # ifdef HAVE_STDLIB_H
| #  include <stdlib.h>
| # endif
| #endif
| #ifdef HAVE_STRING_H
| # if !defined STDC_HEADERS && defined HAVE_MEMORY_H
| #  include <memory.h>
| # endif
| # include <string.h>
| #endif
| #ifdef HAVE_STRINGS_H
| # include <strings.h>
| #endif
| #ifdef HAVE_INTTYPES_H
| # include <inttypes.h>
| #endif
| #ifdef HAVE_STDINT_H
| # include <stdint.h>
| #endif
| #ifdef HAVE_UNISTD_H
| # include <unistd.h>
| #endif
| #include <net/if_types.h>
configure:3651: result: no
configure:3651: checking net/if_types.h presence
configure:3651: gcc -E  conftest.c
conftest.c:39:10: fatal error: net/if_types.h: No such file or directory
 #include <net/if_types.h>
          ^~~~~~~~~~~~~~~~
compilation terminated.
configure:3651: $? = 1
configure: failed program was:
| /* confdefs.h */
| #define PACKAGE_NAME ""
| #define PACKAGE_TARNAME ""
| #define PACKAGE_VERSION ""
| #define PACKAGE_STRING ""
| #define PACKAGE_BUGREPORT ""
| #define PACKAGE_URL ""
| #define STDC_HEADERS 1
| #define HAVE_SYS_WAIT_H 1
| #define HAVE_SYS_TYPES_H 1
| #define HAVE_SYS_STAT_H 1
| #define HAVE_STDLIB_H 1
| #define HAVE_STRING_H 1
| #define HAVE_MEMORY_H 1
| #define HAVE_STRINGS_H 1
| #define HAVE_INTTYPES_H 1
| #define HAVE_STDINT_H 1
| #define HAVE_UNISTD_H 1
| #define HAVE_FCNTL_H 1
| #define HAVE_SYS_IOCTL_H 1
| #define HAVE_SYS_TIME_H 1
| #define HAVE_SYSLOG_H 1
| #define HAVE_UNISTD_H 1
| #define HAVE_NET_IF_ARP_H 1
| #define HAVE_NETINET_IF_ETHER_H 1
| #define HAVE_GETOPT_H 1
| #define HAVE_SYS_UIO_H 1
| #define HAVE_SYS_PARAM_H 1
| #define HAVE_FCNTL_H 1
| #define HAVE_NETPACKET_PACKET_H 1
| #define HAVE_NET_ETHERNET_H 1
| #define HAVE_ASM_TYPES_H 1
| #define HAVE_LINUX_IF_PACKET_H 1
| #define HAVE_LINUX_IF_ETHER_H 1
| #define HAVE_SYS_SOCKET_H 1
| #define HAVE_SYS_CDEFS_H 1
| #define HAVE_NET_IF_H 1
| /* end confdefs.h.  */
| #include <net/if_types.h>
configure:3651: result: no
configure:3651: checking for net/if_types.h
configure:3651: result: no
configure:3651: checking for netinet/if_ether.h
configure:3651: result: yes
configure:3651: checking for net/if_types.h
configure:3651: result: no
configure:3651: checking for net/if_dl.h
configure:3651: result: no
configure:3663: checking for linux/if.h
configure:3663: gcc -c -g -O2  conftest.c >&5
configure:3663: $? = 0
configure:3663: result: yes
configure:3676: checking for linux/if_pppox.h
configure:3676: gcc -c -g -O2  conftest.c >&5
configure:3676: $? = 0
configure:3676: result: yes
configure:3693: checking for an ANSI C-conforming const
configure:3759: gcc -c -g -O2  conftest.c >&5
configure:3759: $? = 0
configure:3766: result: yes
configure:3774: checking for pid_t
configure:3774: gcc -c -g -O2  conftest.c >&5
configure:3774: $? = 0
configure:3774: gcc -c -g -O2  conftest.c >&5
conftest.c: In function 'main':
conftest.c:78:20: error: expected expression before ')' token
 if (sizeof ((pid_t)))
                    ^
configure:3774: $? = 1
configure: failed program was:
| /* confdefs.h */
| #define PACKAGE_NAME ""
| #define PACKAGE_TARNAME ""
| #define PACKAGE_VERSION ""
| #define PACKAGE_STRING ""
| #define PACKAGE_BUGREPORT ""
| #define PACKAGE_URL ""
| #define STDC_HEADERS 1
| #define HAVE_SYS_WAIT_H 1
| #define HAVE_SYS_TYPES_H 1
| #define HAVE_SYS_STAT_H 1
| #define HAVE_STDLIB_H 1
| #define HAVE_STRING_H 1
| #define HAVE_MEMORY_H 1
| #define HAVE_STRINGS_H 1
| #define HAVE_INTTYPES_H 1
| #define HAVE_STDINT_H 1
| #define HAVE_UNISTD_H 1
| #define HAVE_FCNTL_H 1
| #define HAVE_SYS_IOCTL_H 1
| #define HAVE_SYS_TIME_H 1
| #define HAVE_SYSLOG_H 1
| #define HAVE_UNISTD_H 1
| #define HAVE_NET_IF_ARP_H 1
| #define HAVE_NETINET_IF_ETHER_H 1
| #define HAVE_GETOPT_H 1
| #define HAVE_SYS_UIO_H 1
| #define HAVE_SYS_PARAM_H 1
| #define HAVE_FCNTL_H 1
| #define HAVE_NETPACKET_PACKET_H 1
| #define HAVE_NET_ETHERNET_H 1
| #define HAVE_ASM_TYPES_H 1
| #define HAVE_LINUX_IF_PACKET_H 1
| #define HAVE_LINUX_IF_ETHER_H 1
| #define HAVE_SYS_SOCKET_H 1
| #define HAVE_SYS_CDEFS_H 1
| #define HAVE_NET_IF_H 1
| #define HAVE_NETINET_IF_ETHER_H 1
| #define HAVE_LINUX_IF_H 1
| #define HAVE_LINUX_IF_PPPOX_H 1
| /* end confdefs.h.  */
| #include <stdio.h>
| #ifdef HAVE_SYS_TYPES_H
| # include <sys/types.h>
| #endif
| #ifdef HAVE_SYS_STAT_H
| # include <sys/stat.h>
| #endif
| #ifdef STDC_HEADERS
| # include <stdlib.h>
| # include <stddef.h>
| #else
| # ifdef HAVE_STDLIB_H
| #  include <stdlib.h>
| # endif
| #endif
| #ifdef HAVE_STRING_H
| # if !defined STDC_HEADERS && defined HAVE_MEMORY_H
| #  include <memory.h>
| # endif
| # include <string.h>
| #endif
| #ifdef HAVE_STRINGS_H
| # include <strings.h>
| #endif
| #ifdef HAVE_INTTYPES_H
| # include <inttypes.h>
| #endif
| #ifdef HAVE_STDINT_H
| # include <stdint.h>
| #endif
| #ifdef HAVE_UNISTD_H
| # include <unistd.h>
| #endif
| int
| main ()
| {
| if (sizeof ((pid_t)))
| 	    return 0;
|   ;
|   return 0;
| }
configure:3774: result: yes
configure:3785: checking whether time.h and sys/time.h may both be included
configure:3805: gcc -c -g -O2  conftest.c >&5
configure:3805: $? = 0
configure:3812: result: yes
configure:3820: checking whether struct tm is in sys/time.h or time.h
configure:3840: gcc -c -g -O2  conftest.c >&5
configure:3840: $? = 0
configure:3847: result: time.h
configure:3856: checking for struct sockaddr_ll
configure:3872: gcc -c -g -O2  conftest.c >&5
configure:3872: $? = 0
configure:3878: result: yes
configure:3886: checking for N_HDLC line discipline
configure:3901: gcc -c -g -O2  conftest.c >&5
configure:3901: $? = 0
configure:3907: result: yes
configure:3999: checking for working memcmp
configure:4042: gcc -o conftest -g -O2   conftest.c  >&5
configure:4042: $? = 0
configure:4042: ./conftest
configure:4042: $? = 0
configure:4052: result: yes
configure:4068: checking return type of signal handlers
configure:4086: gcc -c -g -O2  conftest.c >&5
conftest.c: In function 'main':
conftest.c:52:10: error: void value not ignored as it ought to be
 return *(signal (0, 0)) (0) == 1;
         ~^~~~~~~~~~~~~~~~~~
configure:4086: $? = 1
configure: failed program was:
| /* confdefs.h */
| #define PACKAGE_NAME ""
| #define PACKAGE_TARNAME ""
| #define PACKAGE_VERSION ""
| #define PACKAGE_STRING ""
| #define PACKAGE_BUGREPORT ""
| #define PACKAGE_URL ""
| #define STDC_HEADERS 1
| #define HAVE_SYS_WAIT_H 1
| #define HAVE_SYS_TYPES_H 1
| #define HAVE_SYS_STAT_H 1
| #define HAVE_STDLIB_H 1
| #define HAVE_STRING_H 1
| #define HAVE_MEMORY_H 1
| #define HAVE_STRINGS_H 1
| #define HAVE_INTTYPES_H 1
| #define HAVE_STDINT_H 1
| #define HAVE_UNISTD_H 1
| #define HAVE_FCNTL_H 1
| #define HAVE_SYS_IOCTL_H 1
| #define HAVE_SYS_TIME_H 1
| #define HAVE_SYSLOG_H 1
| #define HAVE_UNISTD_H 1
| #define HAVE_NET_IF_ARP_H 1
| #define HAVE_NETINET_IF_ETHER_H 1
| #define HAVE_GETOPT_H 1
| #define HAVE_SYS_UIO_H 1
| #define HAVE_SYS_PARAM_H 1
| #define HAVE_FCNTL_H 1
| #define HAVE_NETPACKET_PACKET_H 1
| #define HAVE_NET_ETHERNET_H 1
| #define HAVE_ASM_TYPES_H 1
| #define HAVE_LINUX_IF_PACKET_H 1
| #define HAVE_LINUX_IF_ETHER_H 1
| #define HAVE_SYS_SOCKET_H 1
| #define HAVE_SYS_CDEFS_H 1
| #define HAVE_NET_IF_H 1
| #define HAVE_NETINET_IF_ETHER_H 1
| #define HAVE_LINUX_IF_H 1
| #define HAVE_LINUX_IF_PPPOX_H 1
| #define TIME_WITH_SYS_TIME 1
| #define HAVE_STRUCT_SOCKADDR_LL 1
| #define HAVE_N_HDLC 1
| #define DEBUGGING_ENABLED 1
| /* end confdefs.h.  */
| #include <sys/types.h>
| #include <signal.h>
| 
| int
| main ()
| {
| return *(signal (0, 0)) (0) == 1;
|   ;
|   return 0;
| }
configure:4093: result: void
configure:4104: checking for select
configure:4104: gcc -o conftest -g -O2   conftest.c  >&5
configure:4104: $? = 0
configure:4104: result: yes
configure:4104: checking for socket
configure:4104: gcc -o conftest -g -O2   conftest.c  >&5
configure:4104: $? = 0
configure:4104: result: yes
configure:4104: checking for strerror
configure:4104: gcc -o conftest -g -O2   conftest.c  >&5
configure:4104: $? = 0
configure:4104: result: yes
configure:4104: checking for strtol
configure:4104: gcc -o conftest -g -O2   conftest.c  >&5
configure:4104: $? = 0
configure:4104: result: yes
configure:4156: checking for a BSD-compatible install
configure:4224: result: /usr/bin/install -c
configure:4240: checking size of unsigned short
configure:4245: gcc -o conftest -g -O2   conftest.c  >&5
configure:4245: $? = 0
configure:4245: ./conftest
configure:4245: $? = 0
configure:4259: result: 2
configure:4273: checking size of unsigned int
configure:4278: gcc -o conftest -g -O2   conftest.c  >&5
configure:4278: $? = 0
configure:4278: ./conftest
configure:4278: $? = 0
configure:4292: result: 4
configure:4306: checking size of unsigned long
configure:4311: gcc -o conftest -g -O2   conftest.c  >&5
configure:4311: $? = 0
configure:4311: ./conftest
configure:4311: $? = 0
configure:4325: result: 8
configure:4338: checking for pppd
configure:4357: found /sbin/pppd
configure:4370: result: /sbin/pppd
configure:4380: checking for echo
configure:4398: found /usr/bin/echo
configure:4411: result: /usr/bin/echo
configure:4422: checking for setsid
configure:4441: found /usr/bin/setsid
configure:4454: result: /usr/bin/setsid
configure:4465: checking for id
configure:4484: found /usr/bin/id
configure:4497: result: /usr/bin/id
configure:4506: checking for Linux 2.4.X kernel-mode PPPoE support
configure:4537: gcc -o conftest -g -O2   conftest.c  >&5
In file included from conftest.c:57:
/usr/include/linux/in.h:29:3: error: redeclaration of enumerator 'IPPROTO_IP'
   IPPROTO_IP = 0,  /* Dummy protocol for TCP  */
   ^~~~~~~~~~
/usr/include/netinet/in.h:42:5: note: previous definition of 'IPPROTO_IP' was here
     IPPROTO_IP = 0,    /* Dummy protocol for TCP.  */
     ^~~~~~~~~~
/usr/include/linux/in.h:31:3: error: redeclaration of enumerator 'IPPROTO_ICMP'
   IPPROTO_ICMP = 1,  /* Internet Control Message Protocol */
   ^~~~~~~~~~~~
/usr/include/netinet/in.h:44:5: note: previous definition of 'IPPROTO_ICMP' was here
     IPPROTO_ICMP = 1,    /* Internet Control Message Protocol.  */
     ^~~~~~~~~~~~
/usr/include/linux/in.h:33:3: error: redeclaration of enumerator 'IPPROTO_IGMP'
   IPPROTO_IGMP = 2,  /* Internet Group Management Protocol */
   ^~~~~~~~~~~~
/usr/include/netinet/in.h:46:5: note: previous definition of 'IPPROTO_IGMP' was here
     IPPROTO_IGMP = 2,    /* Internet Group Management Protocol. */
     ^~~~~~~~~~~~
/usr/include/linux/in.h:35:3: error: redeclaration of enumerator 'IPPROTO_IPIP'
   IPPROTO_IPIP = 4,  /* IPIP tunnels (older KA9Q tunnels use 94) */
   ^~~~~~~~~~~~
/usr/include/netinet/in.h:48:5: note: previous definition of 'IPPROTO_IPIP' was here
     IPPROTO_IPIP = 4,    /* IPIP tunnels (older KA9Q tunnels use 94).  */
     ^~~~~~~~~~~~
/usr/include/linux/in.h:37:3: error: redeclaration of enumerator 'IPPROTO_TCP'
   IPPROTO_TCP = 6,  /* Transmission Control Protocol */
   ^~~~~~~~~~~
/usr/include/netinet/in.h:50:5: note: previous definition of 'IPPROTO_TCP' was here
     IPPROTO_TCP = 6,    /* Transmission Control Protocol.  */
     ^~~~~~~~~~~
/usr/include/linux/in.h:39:3: error: redeclaration of enumerator 'IPPROTO_EGP'
   IPPROTO_EGP = 8,  /* Exterior Gateway Protocol  */
   ^~~~~~~~~~~
/usr/include/netinet/in.h:52:5: note: previous definition of 'IPPROTO_EGP' was here
     IPPROTO_EGP = 8,    /* Exterior Gateway Protocol.  */
     ^~~~~~~~~~~
/usr/include/linux/in.h:41:3: error: redeclaration of enumerator 'IPPROTO_PUP'
   IPPROTO_PUP = 12,  /* PUP protocol    */
   ^~~~~~~~~~~
/usr/include/netinet/in.h:54:5: note: previous definition of 'IPPROTO_PUP' was here
     IPPROTO_PUP = 12,    /* PUP protocol.  */
     ^~~~~~~~~~~
/usr/include/linux/in.h:43:3: error: redeclaration of enumerator 'IPPROTO_UDP'
   IPPROTO_UDP = 17,  /* User Datagram Protocol  */
   ^~~~~~~~~~~
/usr/include/netinet/in.h:56:5: note: previous definition of 'IPPROTO_UDP' was here
     IPPROTO_UDP = 17,    /* User Datagram Protocol.  */
     ^~~~~~~~~~~
/usr/include/linux/in.h:45:3: error: redeclaration of enumerator 'IPPROTO_IDP'
   IPPROTO_IDP = 22,  /* XNS IDP protocol   */
   ^~~~~~~~~~~
/usr/include/netinet/in.h:58:5: note: previous definition of 'IPPROTO_IDP' was here
     IPPROTO_IDP = 22,    /* XNS IDP protocol.  */
     ^~~~~~~~~~~
/usr/include/linux/in.h:47:3: error: redeclaration of enumerator 'IPPROTO_TP'
   IPPROTO_TP = 29,  /* SO Transport Protocol Class 4 */
   ^~~~~~~~~~
/usr/include/netinet/in.h:60:5: note: previous definition of 'IPPROTO_TP' was here
     IPPROTO_TP = 29,    /* SO Transport Protocol Class 4.  */
     ^~~~~~~~~~
/usr/include/linux/in.h:49:3: error: redeclaration of enumerator 'IPPROTO_DCCP'
   IPPROTO_DCCP = 33,  /* Datagram Congestion Control Protocol */
   ^~~~~~~~~~~~
/usr/include/netinet/in.h:62:5: note: previous definition of 'IPPROTO_DCCP' was here
     IPPROTO_DCCP = 33,    /* Datagram Congestion Control Protocol.  */
     ^~~~~~~~~~~~
/usr/include/linux/in.h:51:3: error: redeclaration of enumerator 'IPPROTO_IPV6'
   IPPROTO_IPV6 = 41,  /* IPv6-in-IPv4 tunnelling  */
   ^~~~~~~~~~~~
/usr/include/netinet/in.h:64:5: note: previous definition of 'IPPROTO_IPV6' was here
     IPPROTO_IPV6 = 41,     /* IPv6 header.  */
     ^~~~~~~~~~~~
/usr/include/linux/in.h:53:3: error: redeclaration of enumerator 'IPPROTO_RSVP'
   IPPROTO_RSVP = 46,  /* RSVP Protocol   */
   ^~~~~~~~~~~~
/usr/include/netinet/in.h:66:5: note: previous definition of 'IPPROTO_RSVP' was here
     IPPROTO_RSVP = 46,    /* Reservation Protocol.  */
     ^~~~~~~~~~~~
/usr/include/linux/in.h:55:3: error: redeclaration of enumerator 'IPPROTO_GRE'
   IPPROTO_GRE = 47,  /* Cisco GRE tunnels (rfc 1701,1702) */
   ^~~~~~~~~~~
/usr/include/netinet/in.h:68:5: note: previous definition of 'IPPROTO_GRE' was here
     IPPROTO_GRE = 47,    /* General Routing Encapsulation.  */
     ^~~~~~~~~~~
/usr/include/linux/in.h:57:3: error: redeclaration of enumerator 'IPPROTO_ESP'
   IPPROTO_ESP = 50,  /* Encapsulation Security Payload protocol */
   ^~~~~~~~~~~
/usr/include/netinet/in.h:70:5: note: previous definition of 'IPPROTO_ESP' was here
     IPPROTO_ESP = 50,      /* encapsulating security payload.  */
     ^~~~~~~~~~~
/usr/include/linux/in.h:59:3: error: redeclaration of enumerator 'IPPROTO_AH'
   IPPROTO_AH = 51,  /* Authentication Header protocol */
   ^~~~~~~~~~
/usr/include/netinet/in.h:72:5: note: previous definition of 'IPPROTO_AH' was here
     IPPROTO_AH = 51,       /* authentication header.  */
     ^~~~~~~~~~
/usr/include/linux/in.h:61:3: error: redeclaration of enumerator 'IPPROTO_MTP'
   IPPROTO_MTP = 92,  /* Multicast Transport Protocol  */
   ^~~~~~~~~~~
/usr/include/netinet/in.h:74:5: note: previous definition of 'IPPROTO_MTP' was here
     IPPROTO_MTP = 92,    /* Multicast Transport Protocol.  */
     ^~~~~~~~~~~
/usr/include/linux/in.h:63:3: error: redeclaration of enumerator 'IPPROTO_BEETPH'
   IPPROTO_BEETPH = 94,  /* IP option pseudo header for BEET */
   ^~~~~~~~~~~~~~
/usr/include/netinet/in.h:76:5: note: previous definition of 'IPPROTO_BEETPH' was here
     IPPROTO_BEETPH = 94,   /* IP option pseudo header for BEET.  */
     ^~~~~~~~~~~~~~
/usr/include/linux/in.h:65:3: error: redeclaration of enumerator 'IPPROTO_ENCAP'
   IPPROTO_ENCAP = 98,  /* Encapsulation Header   */
   ^~~~~~~~~~~~~
/usr/include/netinet/in.h:78:5: note: previous definition of 'IPPROTO_ENCAP' was here
     IPPROTO_ENCAP = 98,    /* Encapsulation Header.  */
     ^~~~~~~~~~~~~
/usr/include/linux/in.h:67:3: error: redeclaration of enumerator 'IPPROTO_PIM'
   IPPROTO_PIM = 103,  /* Protocol Independent Multicast */
   ^~~~~~~~~~~
/usr/include/netinet/in.h:80:5: note: previous definition of 'IPPROTO_PIM' was here
     IPPROTO_PIM = 103,    /* Protocol Independent Multicast.  */
     ^~~~~~~~~~~
/usr/include/linux/in.h:69:3: error: redeclaration of enumerator 'IPPROTO_COMP'
   IPPROTO_COMP = 108,  /* Compression Header Protocol  */
   ^~~~~~~~~~~~
/usr/include/netinet/in.h:82:5: note: previous definition of 'IPPROTO_COMP' was here
     IPPROTO_COMP = 108,    /* Compression Header Protocol.  */
     ^~~~~~~~~~~~
/usr/include/linux/in.h:71:3: error: redeclaration of enumerator 'IPPROTO_SCTP'
   IPPROTO_SCTP = 132,  /* Stream Control Transport Protocol */
   ^~~~~~~~~~~~
/usr/include/netinet/in.h:84:5: note: previous definition of 'IPPROTO_SCTP' was here
     IPPROTO_SCTP = 132,    /* Stream Control Transmission Protocol.  */
     ^~~~~~~~~~~~
/usr/include/linux/in.h:73:3: error: redeclaration of enumerator 'IPPROTO_UDPLITE'
   IPPROTO_UDPLITE = 136, /* UDP-Lite (RFC 3828)   */
   ^~~~~~~~~~~~~~~
/usr/include/netinet/in.h:86:5: note: previous definition of 'IPPROTO_UDPLITE' was here
     IPPROTO_UDPLITE = 136, /* UDP-Lite protocol.  */
     ^~~~~~~~~~~~~~~
/usr/include/linux/in.h:75:3: error: redeclaration of enumerator 'IPPROTO_MPLS'
   IPPROTO_MPLS = 137,  /* MPLS in IP (RFC 4023)  */
   ^~~~~~~~~~~~
/usr/include/netinet/in.h:88:5: note: previous definition of 'IPPROTO_MPLS' was here
     IPPROTO_MPLS = 137,    /* MPLS in IP.  */
     ^~~~~~~~~~~~
/usr/include/linux/in.h:77:3: error: redeclaration of enumerator 'IPPROTO_RAW'
   IPPROTO_RAW = 255,  /* Raw IP packets   */
   ^~~~~~~~~~~
/usr/include/netinet/in.h:90:5: note: previous definition of 'IPPROTO_RAW' was here
     IPPROTO_RAW = 255,    /* Raw IP packets.  */
     ^~~~~~~~~~~
In file included from /usr/include/linux/if_pppol2tp.h:20,
                 from /usr/include/linux/if_pppox.h:27,
                 from conftest.c:58:
/usr/include/linux/in.h:79:3: error: redeclaration of enumerator 'IPPROTO_MAX'
   IPPROTO_MAX
   ^~~~~~~~~~~
In file included from conftest.c:57:
/usr/include/netinet/in.h:92:5: note: previous definition of 'IPPROTO_MAX' was here
     IPPROTO_MAX
     ^~~~~~~~~~~
In file included from /usr/include/linux/if_pppol2tp.h:20,
                 from /usr/include/linux/if_pppox.h:27,
                 from conftest.c:58:
/usr/include/linux/in.h:85:8: error: redefinition of 'struct in_addr'
 struct in_addr {
        ^~~~~~~
In file included from conftest.c:57:
/usr/include/netinet/in.h:31:8: note: originally defined here
 struct in_addr
        ^~~~~~~
In file included from /usr/include/linux/if_pppol2tp.h:20,
                 from /usr/include/linux/if_pppox.h:27,
                 from conftest.c:58:
/usr/include/linux/in.h:168:8: error: redefinition of 'struct ip_mreq'
 struct ip_mreq  {
        ^~~~~~~
In file included from conftest.c:57:
/usr/include/netinet/in.h:264:8: note: originally defined here
 struct ip_mreq
        ^~~~~~~
In file included from /usr/include/linux/if_pppol2tp.h:20,
                 from /usr/include/linux/if_pppox.h:27,
                 from conftest.c:58:
/usr/include/linux/in.h:173:8: error: redefinition of 'struct ip_mreqn'
 struct ip_mreqn {
        ^~~~~~~~
In file included from /usr/include/netinet/in.h:37,
                 from conftest.c:57:
/usr/include/x86_64-linux-gnu/bits/in.h:149:8: note: originally defined here
 struct ip_mreqn
        ^~~~~~~~
In file included from /usr/include/linux/if_pppol2tp.h:20,
                 from /usr/include/linux/if_pppox.h:27,
                 from conftest.c:58:
/usr/include/linux/in.h:179:8: error: redefinition of 'struct ip_mreq_source'
 struct ip_mreq_source {
        ^~~~~~~~~~~~~~
In file included from conftest.c:57:
/usr/include/netinet/in.h:273:8: note: originally defined here
 struct ip_mreq_source
        ^~~~~~~~~~~~~~
In file included from /usr/include/linux/if_pppol2tp.h:20,
                 from /usr/include/linux/if_pppox.h:27,
                 from conftest.c:58:
/usr/include/linux/in.h:185:8: error: redefinition of 'struct ip_msfilter'
 struct ip_msfilter {
        ^~~~~~~~~~~
In file included from conftest.c:57:
/usr/include/netinet/in.h:323:8: note: originally defined here
 struct ip_msfilter
        ^~~~~~~~~~~
In file included from /usr/include/linux/if_pppol2tp.h:20,
                 from /usr/include/linux/if_pppox.h:27,
                 from conftest.c:58:
/usr/include/linux/in.h:197:8: error: redefinition of 'struct group_req'
 struct group_req {
        ^~~~~~~~~
In file included from conftest.c:57:
/usr/include/netinet/in.h:300:8: note: originally defined here
 struct group_req
        ^~~~~~~~~
In file included from /usr/include/linux/if_pppol2tp.h:20,
                 from /usr/include/linux/if_pppox.h:27,
                 from conftest.c:58:
/usr/include/linux/in.h:202:8: error: redefinition of 'struct group_source_req'
 struct group_source_req {
        ^~~~~~~~~~~~~~~~
In file included from conftest.c:57:
/usr/include/netinet/in.h:309:8: note: originally defined here
 struct group_source_req
        ^~~~~~~~~~~~~~~~
In file included from /usr/include/linux/if_pppol2tp.h:20,
                 from /usr/include/linux/if_pppox.h:27,
                 from conftest.c:58:
/usr/include/linux/in.h:208:8: error: redefinition of 'struct group_filter'
 struct group_filter {
        ^~~~~~~~~~~~
In file included from conftest.c:57:
/usr/include/netinet/in.h:344:8: note: originally defined here
 struct group_filter
        ^~~~~~~~~~~~
In file included from /usr/include/linux/if_pppol2tp.h:20,
                 from /usr/include/linux/if_pppox.h:27,
                 from conftest.c:58:
/usr/include/linux/in.h:222:8: error: redefinition of 'struct in_pktinfo'
 struct in_pktinfo {
        ^~~~~~~~~~
In file included from /usr/include/netinet/in.h:37,
                 from conftest.c:57:
/usr/include/x86_64-linux-gnu/bits/in.h:157:8: note: originally defined here
 struct in_pktinfo
        ^~~~~~~~~~
In file included from /usr/include/linux/if_pppol2tp.h:20,
                 from /usr/include/linux/if_pppox.h:27,
                 from conftest.c:58:
/usr/include/linux/in.h:232:8: error: redefinition of 'struct sockaddr_in'
 struct sockaddr_in {
        ^~~~~~~~~~~
In file included from conftest.c:57:
/usr/include/netinet/in.h:237:8: note: originally defined here
 struct sockaddr_in
        ^~~~~~~~~~~
In file included from /usr/include/linux/if_pppol2tp.h:21,
                 from /usr/include/linux/if_pppox.h:27,
                 from conftest.c:58:
/usr/include/linux/in6.h:33:8: error: redefinition of 'struct in6_addr'
 struct in6_addr {
        ^~~~~~~~
In file included from conftest.c:57:
/usr/include/netinet/in.h:211:8: note: originally defined here
 struct in6_addr
        ^~~~~~~~
In file included from /usr/include/linux/if_pppol2tp.h:21,
                 from /usr/include/linux/if_pppox.h:27,
                 from conftest.c:58:
/usr/include/linux/in6.h:50:8: error: redefinition of 'struct sockaddr_in6'
 struct sockaddr_in6 {
        ^~~~~~~~~~~~
In file included from conftest.c:57:
/usr/include/netinet/in.h:252:8: note: originally defined here
 struct sockaddr_in6
        ^~~~~~~~~~~~
In file included from /usr/include/linux/if_pppol2tp.h:21,
                 from /usr/include/linux/if_pppox.h:27,
                 from conftest.c:58:
/usr/include/linux/in6.h:60:8: error: redefinition of 'struct ipv6_mreq'
 struct ipv6_mreq {
        ^~~~~~~~~
In file included from conftest.c:57:
/usr/include/netinet/in.h:288:8: note: originally defined here
 struct ipv6_mreq
        ^~~~~~~~~
configure:4537: $? = 1
configure: program exited with status 1
configure: failed program was:
| /* confdefs.h */
| #define PACKAGE_NAME ""
| #define PACKAGE_TARNAME ""
| #define PACKAGE_VERSION ""
| #define PACKAGE_STRING ""
| #define PACKAGE_BUGREPORT ""
| #define PACKAGE_URL ""
| #define STDC_HEADERS 1
| #define HAVE_SYS_WAIT_H 1
| #define HAVE_SYS_TYPES_H 1
| #define HAVE_SYS_STAT_H 1
| #define HAVE_STDLIB_H 1
| #define HAVE_STRING_H 1
| #define HAVE_MEMORY_H 1
| #define HAVE_STRINGS_H 1
| #define HAVE_INTTYPES_H 1
| #define HAVE_STDINT_H 1
| #define HAVE_UNISTD_H 1
| #define HAVE_FCNTL_H 1
| #define HAVE_SYS_IOCTL_H 1
| #define HAVE_SYS_TIME_H 1
| #define HAVE_SYSLOG_H 1
| #define HAVE_UNISTD_H 1
| #define HAVE_NET_IF_ARP_H 1
| #define HAVE_NETINET_IF_ETHER_H 1
| #define HAVE_GETOPT_H 1
| #define HAVE_SYS_UIO_H 1
| #define HAVE_SYS_PARAM_H 1
| #define HAVE_FCNTL_H 1
| #define HAVE_NETPACKET_PACKET_H 1
| #define HAVE_NET_ETHERNET_H 1
| #define HAVE_ASM_TYPES_H 1
| #define HAVE_LINUX_IF_PACKET_H 1
| #define HAVE_LINUX_IF_ETHER_H 1
| #define HAVE_SYS_SOCKET_H 1
| #define HAVE_SYS_CDEFS_H 1
| #define HAVE_NET_IF_H 1
| #define HAVE_NETINET_IF_ETHER_H 1
| #define HAVE_LINUX_IF_H 1
| #define HAVE_LINUX_IF_PPPOX_H 1
| #define TIME_WITH_SYS_TIME 1
| #define HAVE_STRUCT_SOCKADDR_LL 1
| #define HAVE_N_HDLC 1
| #define DEBUGGING_ENABLED 1
| #define RETSIGTYPE void
| #define HAVE_SELECT 1
| #define HAVE_SOCKET 1
| #define HAVE_STRERROR 1
| #define HAVE_STRTOL 1
| #define SIZEOF_UNSIGNED_SHORT 2
| #define SIZEOF_UNSIGNED_INT 4
| #define SIZEOF_UNSIGNED_LONG 8
| /* end confdefs.h.  */
| #include <sys/socket.h>
| #include <net/ethernet.h>
| #include <linux/if.h>
| #include <netinet/in.h>
| #include <linux/if_pppox.h>
| int main()
| {
| 	if (socket(AF_PPPOX, SOCK_DGRAM, PX_PROTO_OE) >= 0) return 0; else return 1;
| }
| 
configure:4553: result: no
configure:4612: checking packing order of bit fields
configure:4644: gcc -o conftest -g -O2 -fno-strict-aliasing -Wall -Wstrict-prototypes   conftest.c  >&5
configure:4644: $? = 0
configure:4644: ./conftest
configure:4644: $? = 1
configure: program exited with status 1
configure: failed program was:
| /* confdefs.h */
| #define PACKAGE_NAME ""
| #define PACKAGE_TARNAME ""
| #define PACKAGE_VERSION ""
| #define PACKAGE_STRING ""
| #define PACKAGE_BUGREPORT ""
| #define PACKAGE_URL ""
| #define STDC_HEADERS 1
| #define HAVE_SYS_WAIT_H 1
| #define HAVE_SYS_TYPES_H 1
| #define HAVE_SYS_STAT_H 1
| #define HAVE_STDLIB_H 1
| #define HAVE_STRING_H 1
| #define HAVE_MEMORY_H 1
| #define HAVE_STRINGS_H 1
| #define HAVE_INTTYPES_H 1
| #define HAVE_STDINT_H 1
| #define HAVE_UNISTD_H 1
| #define HAVE_FCNTL_H 1
| #define HAVE_SYS_IOCTL_H 1
| #define HAVE_SYS_TIME_H 1
| #define HAVE_SYSLOG_H 1
| #define HAVE_UNISTD_H 1
| #define HAVE_NET_IF_ARP_H 1
| #define HAVE_NETINET_IF_ETHER_H 1
| #define HAVE_GETOPT_H 1
| #define HAVE_SYS_UIO_H 1
| #define HAVE_SYS_PARAM_H 1
| #define HAVE_FCNTL_H 1
| #define HAVE_NETPACKET_PACKET_H 1
| #define HAVE_NET_ETHERNET_H 1
| #define HAVE_ASM_TYPES_H 1
| #define HAVE_LINUX_IF_PACKET_H 1
| #define HAVE_LINUX_IF_ETHER_H 1
| #define HAVE_SYS_SOCKET_H 1
| #define HAVE_SYS_CDEFS_H 1
| #define HAVE_NET_IF_H 1
| #define HAVE_NETINET_IF_ETHER_H 1
| #define HAVE_LINUX_IF_H 1
| #define HAVE_LINUX_IF_PPPOX_H 1
| #define TIME_WITH_SYS_TIME 1
| #define HAVE_STRUCT_SOCKADDR_LL 1
| #define HAVE_N_HDLC 1
| #define DEBUGGING_ENABLED 1
| #define RETSIGTYPE void
| #define HAVE_SELECT 1
| #define HAVE_SOCKET 1
| #define HAVE_STRERROR 1
| #define HAVE_STRTOL 1
| #define SIZEOF_UNSIGNED_SHORT 2
| #define SIZEOF_UNSIGNED_INT 4
| #define SIZEOF_UNSIGNED_LONG 8
| /* end confdefs.h.  */
| 
| union foo {
|     struct bar {
| 	unsigned int ver:4;
| 	unsigned int type:4;
|     } bb;
|     unsigned char baz;
| };
| 
| int
| main(void)
| {
|     union foo x;
|     x.bb.ver = 1;
|     x.bb.type = 2;
|     if (x.baz == 0x21) {
| 	return 1;
|     } else if (x.baz == 0x12) {
| 	return 0;
|     } else {
| 	return 2;
|     }
| }
configure:4656: result: reversed
configure:4837: creating ./config.status

## ---------------------- ##
## Running config.status. ##
## ---------------------- ##

This file was extended by config.status, which was
generated by GNU Autoconf 2.69.  Invocation command line was

  CONFIG_FILES    = 
  CONFIG_HEADERS  = 
  CONFIG_LINKS    = 
  CONFIG_COMMANDS = 
  $ ./config.status 

on ipsectest-1

config.status:864: creating Makefile
config.status:967: WARNING:  'Makefile.in' seems to ignore the --datarootdir setting
config.status:864: creating libevent/Makefile
config.status:864: creating ../scripts/pppoe-connect
config.status:864: creating ../scripts/pppoe-start
config.status:864: creating ../scripts/pppoe-stop
config.status:864: creating ../scripts/pppoe-init
config.status:864: creating ../scripts/pppoe-init-suse
config.status:864: creating ../scripts/pppoe-init-turbolinux
config.status:864: creating ../scripts/pppoe-setup
config.status:864: creating ../gui/Makefile
config.status:967: WARNING:  '../gui/Makefile.in' seems to ignore the --datarootdir setting
config.status:864: creating ../gui/tkpppoe
config.status:864: creating config.h
configure:6013: result: On this platform, the following targets will be built:
configure:6015: result: pppoe pppoe-server pppoe-sniff pppoe-relay
configure:6017: result: Type 'make' to compile the software.

## ---------------- ##
## Cache variables. ##
## ---------------- ##

ac_cv_c_compiler_gnu=yes
ac_cv_c_const=yes
ac_cv_debugging=yes
ac_cv_env_CC_set=
ac_cv_env_CC_value=
ac_cv_env_CFLAGS_set=
ac_cv_env_CFLAGS_value=
ac_cv_env_CPPFLAGS_set=
ac_cv_env_CPPFLAGS_value=
ac_cv_env_CPP_set=
ac_cv_env_CPP_value=
ac_cv_env_LDFLAGS_set=
ac_cv_env_LDFLAGS_value=
ac_cv_env_LIBS_set=
ac_cv_env_LIBS_value=
ac_cv_env_build_alias_set=
ac_cv_env_build_alias_value=
ac_cv_env_host_alias_set=
ac_cv_env_host_alias_value=
ac_cv_env_target_alias_set=
ac_cv_env_target_alias_value=
ac_cv_func_memcmp_working=yes
ac_cv_func_select=yes
ac_cv_func_setvbuf_reversed=no
ac_cv_func_socket=yes
ac_cv_func_strerror=yes
ac_cv_func_strtol=yes
ac_cv_header_asm_types_h=yes
ac_cv_header_fcntl_h=yes
ac_cv_header_getopt_h=yes
ac_cv_header_inttypes_h=yes
ac_cv_header_linux_if_ether_h=yes
ac_cv_header_linux_if_h=yes
ac_cv_header_linux_if_packet_h=yes
ac_cv_header_linux_if_pppox_h=yes
ac_cv_header_memory_h=yes
ac_cv_header_net_bpf_h=no
ac_cv_header_net_ethernet_h=yes
ac_cv_header_net_if_arp_h=yes
ac_cv_header_net_if_dl_h=no
ac_cv_header_net_if_ether_h=no
ac_cv_header_net_if_h=yes
ac_cv_header_net_if_types_h=no
ac_cv_header_netinet_if_ether_h=yes
ac_cv_header_netpacket_packet_h=yes
ac_cv_header_stdc=yes
ac_cv_header_stdint_h=yes
ac_cv_header_stdlib_h=yes
ac_cv_header_string_h=yes
ac_cv_header_strings_h=yes
ac_cv_header_sys_cdefs_h=yes
ac_cv_header_sys_dlpi_h=no
ac_cv_header_sys_ioctl_h=yes
ac_cv_header_sys_param_h=yes
ac_cv_header_sys_socket_h=yes
ac_cv_header_sys_stat_h=yes
ac_cv_header_sys_time_h=yes
ac_cv_header_sys_types_h=yes
ac_cv_header_sys_uio_h=yes
ac_cv_header_sys_wait_h=yes
ac_cv_header_syslog_h=yes
ac_cv_header_time=yes
ac_cv_header_unistd_h=yes
ac_cv_licpath=no
ac_cv_linux_kernel_pppoe=no
ac_cv_n_hdlc=yes
ac_cv_objext=o
ac_cv_path_ECHO=/usr/bin/echo
ac_cv_path_EGREP='/usr/bin/grep -E'
ac_cv_path_GREP=/usr/bin/grep
ac_cv_path_ID=/usr/bin/id
ac_cv_path_PPPD=/sbin/pppd
ac_cv_path_SETSID=/usr/bin/setsid
ac_cv_path_install='/usr/bin/install -c'
ac_cv_pluginpath=no
ac_cv_prog_CPP='gcc -E'
ac_cv_prog_ac_ct_CC=gcc
ac_cv_prog_ac_ct_RANLIB=ranlib
ac_cv_prog_cc_c89=
ac_cv_prog_cc_g=yes
ac_cv_sizeof_unsigned_int=4
ac_cv_sizeof_unsigned_long=8
ac_cv_sizeof_unsigned_short=2
ac_cv_struct_sockaddr_ll=yes
ac_cv_struct_tm=time.h
ac_cv_type_pid_t=yes
ac_cv_type_signal=void
rpppoe_cv_pack_bitfields=rev

## ----------------- ##
## Output variables. ##
## ----------------- ##

CC='gcc'
CFLAGS='-g -O2 -fno-strict-aliasing -Wall -Wstrict-prototypes'
CPP='gcc -E'
CPPFLAGS=''
DEFS='-DHAVE_CONFIG_H'
ECHO='/usr/bin/echo'
ECHO_C=''
ECHO_N='-n'
ECHO_T=''
EGREP='/usr/bin/grep -E'
EXEEXT=''
GREP='/usr/bin/grep'
ID='/usr/bin/id'
INSTALL_DATA='${INSTALL} -m 644'
INSTALL_PROGRAM='${INSTALL}'
INSTALL_SCRIPT='${INSTALL}'
LDFLAGS=''
LIBEVENT='../libevent'
LIBOBJS=''
LIBS=''
LIC_DEFINE=''
LIC_INCDIR=''
LIC_LIB=''
LIC_LIBDIR=''
LIC_MAKEFILE_INCLUDE=''
LINUX_KERNELMODE_PLUGIN=''
LTLIBOBJS=''
OBJEXT='o'
PACKAGE_BUGREPORT=''
PACKAGE_NAME=''
PACKAGE_STRING=''
PACKAGE_TARNAME=''
PACKAGE_URL=''
PACKAGE_VERSION=''
PATH_SEPARATOR=':'
PPPD='/sbin/pppd'
PPPD_H=''
PPPD_INCDIR='/usr/include'
PPPOE_RELAY='pppoe-relay'
PPPOE_SERVER_DEPS=''
RANLIB='ranlib'
RDYNAMIC=''
SETSID='/usr/bin/setsid'
SHELL='/bin/bash'
TARGETS='pppoe pppoe-server pppoe-sniff pppoe-relay'
WRAPPER='/usr/sbin/pppoe-wrapper'
ac_ct_CC='gcc'
bindir='${exec_prefix}/bin'
build_alias=''
datadir='${datarootdir}'
datadir_evaluated='${prefix}/share'
datarootdir='${prefix}/share'
docdir='${datarootdir}/doc/${PACKAGE}'
dvidir='${docdir}'
exec_prefix='${prefix}'
host_alias=''
htmldir='${docdir}'
includedir='${prefix}/include'
infodir='${datarootdir}/info'
libdir='${exec_prefix}/lib'
libexecdir='${exec_prefix}/libexec'
localedir='${datarootdir}/locale'
localstatedir='${prefix}/var'
mandir='${datarootdir}/man'
oldincludedir='/usr/include'
pdfdir='${docdir}'
prefix='/usr'
program_transform_name='s,x,x,'
psdir='${docdir}'
sbindir='${exec_prefix}/sbin'
sharedstatedir='${prefix}/com'
sysconfdir='${prefix}/etc'
target_alias=''

## ----------- ##
## confdefs.h. ##
## ----------- ##

/* confdefs.h */
#define PACKAGE_NAME ""
#define PACKAGE_TARNAME ""
#define PACKAGE_VERSION ""
#define PACKAGE_STRING ""
#define PACKAGE_BUGREPORT ""
#define PACKAGE_URL ""
#define STDC_HEADERS 1
#define HAVE_SYS_WAIT_H 1
#define HAVE_SYS_TYPES_H 1
#define HAVE_SYS_STAT_H 1
#define HAVE_STDLIB_H 1
#define HAVE_STRING_H 1
#define HAVE_MEMORY_H 1
#define HAVE_STRINGS_H 1
#define HAVE_INTTYPES_H 1
#define HAVE_STDINT_H 1
#define HAVE_UNISTD_H 1
#define HAVE_FCNTL_H 1
#define HAVE_SYS_IOCTL_H 1
#define HAVE_SYS_TIME_H 1
#define HAVE_SYSLOG_H 1
#define HAVE_UNISTD_H 1
#define HAVE_NET_IF_ARP_H 1
#define HAVE_NETINET_IF_ETHER_H 1
#define HAVE_GETOPT_H 1
#define HAVE_SYS_UIO_H 1
#define HAVE_SYS_PARAM_H 1
#define HAVE_FCNTL_H 1
#define HAVE_NETPACKET_PACKET_H 1
#define HAVE_NET_ETHERNET_H 1
#define HAVE_ASM_TYPES_H 1
#define HAVE_LINUX_IF_PACKET_H 1
#define HAVE_LINUX_IF_ETHER_H 1
#define HAVE_SYS_SOCKET_H 1
#define HAVE_SYS_CDEFS_H 1
#define HAVE_NET_IF_H 1
#define HAVE_NETINET_IF_ETHER_H 1
#define HAVE_LINUX_IF_H 1
#define HAVE_LINUX_IF_PPPOX_H 1
#define TIME_WITH_SYS_TIME 1
#define HAVE_STRUCT_SOCKADDR_LL 1
#define HAVE_N_HDLC 1
#define DEBUGGING_ENABLED 1
#define RETSIGTYPE void
#define HAVE_SELECT 1
#define HAVE_SOCKET 1
#define HAVE_STRERROR 1
#define HAVE_STRTOL 1
#define SIZEOF_UNSIGNED_SHORT 2
#define SIZEOF_UNSIGNED_INT 4
#define SIZEOF_UNSIGNED_LONG 8
#define PACK_BITFIELDS_REVERSED 1

configure: exit 0
